<?xml version="1.0" encoding="UTF-8"?>
<!-- Generated by org.testng.reporters.JUnitXMLReporter -->
<testsuite hostname="DESKTOP-G1T6KU3" ignored="0" name="Default test" tests="2" failures="0" timestamp="2021-11-04T20:48:12 GMT" time="6.595" errors="0">
  <testcase name="GetWeatherDetailsWithCorrectDataTest" time="4.721" classname="com.qa.tests.WeatherInfoTests"/>
  <testcase name="GetWeatherDetailsWithCorrectDataTest" time="0.392" classname="com.qa.tests.WeatherInfoTests"/>
</testsuite> <!-- Default test -->
