<?xml version="1.0" encoding="UTF-8"?>
<testng-results skipped="0" failed="0" ignored="0" total="2" passed="2">
  <reporter-output>
  </reporter-output>
  <suite name="Default suite" duration-ms="6595" started-at="2021-11-04T20:48:05 GMT" finished-at="2021-11-04T20:48:12 GMT">
    <groups>
    </groups>
    <test name="Default test" duration-ms="6595" started-at="2021-11-04T20:48:05 GMT" finished-at="2021-11-04T20:48:12 GMT">
      <class name="com.qa.tests.WeatherInfoTests">
        <test-method status="PASS" signature="setUp()[pri:0, instance:com.qa.tests.WeatherInfoTests@7a1ebcd8]" name="setUp" is-config="true" duration-ms="7" started-at="2021-11-04T20:48:07 GMT" finished-at="2021-11-04T20:48:07 GMT">
          <reporter-output>
          </reporter-output>
        </test-method> <!-- setUp -->
        <test-method status="PASS" signature="GetWeatherDetailsWithCorrectDataTest(java.lang.String, java.lang.String, java.lang.String, java.lang.String, java.lang.String, java.lang.String, java.lang.String)[pri:1, instance:com.qa.tests.WeatherInfoTests@7a1ebcd8]" name="GetWeatherDetailsWithCorrectDataTest" duration-ms="4721" started-at="2021-11-04T20:48:07 GMT" data-provider="getData" finished-at="2021-11-04T20:48:11 GMT">
          <params>
            <param index="0">
              <value>
                <![CDATA[Cork]]>
              </value>
            </param>
            <param index="1">
              <value>
                <![CDATA[GET]]>
              </value>
            </param>
            <param index="2">
              <value>
                <![CDATA[125 Percent]]>
              </value>
            </param>
            <param index="3">
              <value>
                <![CDATA[128 Degree celsius]]>
              </value>
            </param>
            <param index="4">
              <value>
                <![CDATA[scattered clouds]]>
              </value>
            </param>
            <param index="5">
              <value>
                <![CDATA[118 Km per hour]]>
              </value>
            </param>
            <param index="6">
              <value>
                <![CDATA[94 Degree]]>
              </value>
            </param>
          </params>
          <reporter-output>
          </reporter-output>
        </test-method> <!-- GetWeatherDetailsWithCorrectDataTest -->
        <test-method status="PASS" signature="tearDown()[pri:0, instance:com.qa.tests.WeatherInfoTests@7a1ebcd8]" name="tearDown" is-config="true" duration-ms="0" started-at="2021-11-04T20:48:11 GMT" finished-at="2021-11-04T20:48:11 GMT">
          <reporter-output>
          </reporter-output>
        </test-method> <!-- tearDown -->
        <test-method status="PASS" signature="setUp()[pri:0, instance:com.qa.tests.WeatherInfoTests@7a1ebcd8]" name="setUp" is-config="true" duration-ms="1" started-at="2021-11-04T20:48:11 GMT" finished-at="2021-11-04T20:48:12 GMT">
          <reporter-output>
          </reporter-output>
        </test-method> <!-- setUp -->
        <test-method status="PASS" signature="GetWeatherDetailsWithCorrectDataTest(java.lang.String, java.lang.String, java.lang.String, java.lang.String, java.lang.String, java.lang.String, java.lang.String)[pri:1, instance:com.qa.tests.WeatherInfoTests@7a1ebcd8]" name="GetWeatherDetailsWithCorrectDataTest" duration-ms="392" started-at="2021-11-04T20:48:12 GMT" data-provider="getData" finished-at="2021-11-04T20:48:12 GMT">
          <params>
            <param index="0">
              <value>
                <![CDATA[Dublin]]>
              </value>
            </param>
            <param index="1">
              <value>
                <![CDATA[GET]]>
              </value>
            </param>
            <param index="2">
              <value>
                <![CDATA[146 Percent]]>
              </value>
            </param>
            <param index="3">
              <value>
                <![CDATA[114 Degree celsius]]>
              </value>
            </param>
            <param index="4">
              <value>
                <![CDATA[scattered clouds]]>
              </value>
            </param>
            <param index="5">
              <value>
                <![CDATA[128 Km per hour]]>
              </value>
            </param>
            <param index="6">
              <value>
                <![CDATA[114 Degree]]>
              </value>
            </param>
          </params>
          <reporter-output>
          </reporter-output>
        </test-method> <!-- GetWeatherDetailsWithCorrectDataTest -->
        <test-method status="PASS" signature="tearDown()[pri:0, instance:com.qa.tests.WeatherInfoTests@7a1ebcd8]" name="tearDown" is-config="true" duration-ms="0" started-at="2021-11-04T20:48:12 GMT" finished-at="2021-11-04T20:48:12 GMT">
          <reporter-output>
          </reporter-output>
        </test-method> <!-- tearDown -->
      </class> <!-- com.qa.tests.WeatherInfoTests -->
    </test> <!-- Default test -->
  </suite> <!-- Default suite -->
</testng-results>
